
2016-11-09 13:53:46...installerHook: Could not find custom/install/install_hooks.php
2016-11-09 13:53:54...Begin System Check Process *************
2016-11-09 13:53:54...XML Parsing Support Found
2016-11-09 13:53:54...MBString Support Found
2016-11-09 13:53:54...ZIP Support Found
2016-11-09 13:53:54.../custom directory and subdirectory check passed
2016-11-09 13:53:54...cache directory and subdirectory check passed
2016-11-09 13:53:56.../module  directory and subdirectory check passed
2016-11-09 13:53:56.../upload directory check passed
2016-11-09 13:53:56.../zip check passed
2016-11-09 13:53:56...PCRE version check passed
2016-11-09 13:53:56...installerHook: Could not find custom/install/install_hooks.php
2016-11-09 13:53:56...php.ini location found. C:\xampp\php\php.ini
2016-11-09 13:53:56...Outputting HTML for System check
2016-11-09 13:53:56...No Errors were found *************
2016-11-09 13:53:57...installerHook: Could not find custom/install/install_hooks.php
2016-11-09 13:54:11...installerHook: Could not find custom/install/install_hooks.php
2016-11-09 13:54:18...Begin DB Check Process *************
2016-11-09 13:54:18...testing with mysql:mysqli
2016-11-09 13:54:18...Basic form info is valid, continuing Process.
2016-11-09 13:54:18...Testing user account...
2016-11-09 13:54:18...Connection made using  host: 127.0.0.1, usr: root
2016-11-09 13:54:18...Testing priviliged account...
2016-11-09 13:54:18...Connection made using  host: 127.0.0.1, usr: root
2016-11-09 13:54:18...ERROR:: The provided Database Name already exists.  You can<br>1.  hit the back button and choose a new database name <br>2.  click next and continue but all existing tables on this database will be dropped.  <strong>This means your tables and data will be blown away.</strong>
2016-11-09 13:54:18...Passed DB install check
2016-11-09 13:54:18...WARNING:: no errors detected, but DB tables will be dropped!, issuing warning to user
2016-11-09 13:54:18...End DB Check Process *************
2016-11-09 13:54:21...installerHook: Could not find custom/install/install_hooks.php
2016-11-09 13:54:21...calling handleSugarConfig()
2016-11-09 13:54:21...calling handleHtaccess()
2016-11-09 13:54:21...calling handleDbCharsetCollation()
2016-11-09 13:54:28...looping through all the Beans and create their tables
2016-11-09 13:54:28...processing table acl_actions
2016-11-09 13:54:28...dropping table acl_actions
2016-11-09 13:54:28...creating table acl_actions
2016-11-09 13:54:28...creating Relationship Meta for ACLAction
2016-11-09 13:54:28...processing table acl_roles
2016-11-09 13:54:28...dropping table acl_roles
2016-11-09 13:54:29...creating table acl_roles
2016-11-09 13:54:29...creating Relationship Meta for ACLRole
2016-11-09 13:54:29...processing table relationships
2016-11-09 13:54:29...dropping table relationships
2016-11-09 13:54:29...creating table relationships
2016-11-09 13:54:29...creating Relationship Meta for Relationship
2016-11-09 13:54:30...processing table leads
2016-11-09 13:54:30...dropping table leads
2016-11-09 13:54:32...creating table leads
2016-11-09 13:54:32...creating Relationship Meta for Lead
2016-11-09 13:54:33...processing table cases
2016-11-09 13:54:33...dropping table cases
2016-11-09 13:54:34...creating table cases
2016-11-09 13:54:34...creating Relationship Meta for Case
2016-11-09 13:54:35...processing table bugs
2016-11-09 13:54:35...dropping table bugs
2016-11-09 13:54:36...creating table bugs
2016-11-09 13:54:36...creating Relationship Meta for Bug
2016-11-09 13:54:37...processing table users
2016-11-09 13:54:37...dropping table users
2016-11-09 13:54:38...creating table users
2016-11-09 13:54:38...creating Relationship Meta for User
2016-11-09 13:54:38...processing table campaign_log
2016-11-09 13:54:38...dropping table campaign_log
2016-11-09 13:54:38...creating table campaign_log
2016-11-09 13:54:38...creating Relationship Meta for CampaignLog
2016-11-09 13:54:39...processing table project
2016-11-09 13:54:39...dropping table project
2016-11-09 13:54:40...creating table project
2016-11-09 13:54:40...creating Relationship Meta for Project
2016-11-09 13:54:40...processing table project_task
2016-11-09 13:54:40...dropping table project_task
2016-11-09 13:54:42...creating table project_task
2016-11-09 13:54:42...creating Relationship Meta for ProjectTask
2016-11-09 13:54:42...processing table campaigns
2016-11-09 13:54:42...dropping table campaigns
2016-11-09 13:54:43...creating table campaigns
2016-11-09 13:54:43...creating Relationship Meta for Campaign
2016-11-09 13:54:44...processing table prospect_lists
2016-11-09 13:54:44...dropping table prospect_lists
2016-11-09 13:54:45...creating table prospect_lists
2016-11-09 13:54:45...creating Relationship Meta for ProspectList
2016-11-09 13:54:45...processing table prospects
2016-11-09 13:54:45...dropping table prospects
2016-11-09 13:54:46...creating table prospects
2016-11-09 13:54:46...creating Relationship Meta for Prospect
2016-11-09 13:54:47...processing table email_marketing
2016-11-09 13:54:47...dropping table email_marketing
2016-11-09 13:54:47...creating table email_marketing
2016-11-09 13:54:47...creating Relationship Meta for EmailMarketing
2016-11-09 13:54:48...processing table campaign_trkrs
2016-11-09 13:54:48...dropping table campaign_trkrs
2016-11-09 13:54:48...creating table campaign_trkrs
2016-11-09 13:54:48...creating Relationship Meta for CampaignTracker
2016-11-09 13:54:48...processing table releases
2016-11-09 13:54:48...dropping table releases
2016-11-09 13:54:48...creating table releases
2016-11-09 13:54:48...creating Relationship Meta for Release
2016-11-09 13:54:49...processing table emailman
2016-11-09 13:54:49...dropping table emailman
2016-11-09 13:54:49...creating table emailman
2016-11-09 13:54:49...creating Relationship Meta for EmailMan
2016-11-09 13:54:50...processing table schedulers
2016-11-09 13:54:50...dropping table schedulers
2016-11-09 13:54:50...creating table schedulers
2016-11-09 13:54:50...creating Relationship Meta for Scheduler
2016-11-09 13:54:50...processing table job_queue
2016-11-09 13:54:50...dropping table job_queue
2016-11-09 13:54:51...creating table job_queue
2016-11-09 13:54:51...creating Relationship Meta for SchedulersJob
2016-11-09 13:54:51...processing table contacts
2016-11-09 13:54:51...dropping table contacts
2016-11-09 13:54:53...creating table contacts
2016-11-09 13:54:53...creating Relationship Meta for Contact
2016-11-09 13:54:54...processing table accounts
2016-11-09 13:54:54...dropping table accounts
2016-11-09 13:54:55...creating table accounts
2016-11-09 13:54:55...creating Relationship Meta for Account
2016-11-09 13:54:56...processing table opportunities
2016-11-09 13:54:56...dropping table opportunities
2016-11-09 13:54:57...creating table opportunities
2016-11-09 13:54:57...creating Relationship Meta for Opportunity
2016-11-09 13:54:58...processing table email_templates
2016-11-09 13:54:58...dropping table email_templates
2016-11-09 13:54:59...creating table email_templates
2016-11-09 13:54:59...creating Relationship Meta for EmailTemplate
2016-11-09 13:54:59...processing table notes
2016-11-09 13:54:59...dropping table notes
2016-11-09 13:55:00...creating table notes
2016-11-09 13:55:00...creating Relationship Meta for Note
2016-11-09 13:55:00...processing table calls
2016-11-09 13:55:00...dropping table calls
2016-11-09 13:55:02...creating table calls
2016-11-09 13:55:02...creating Relationship Meta for Call
2016-11-09 13:55:02...processing table emails
2016-11-09 13:55:02...dropping table emails
2016-11-09 13:55:03...creating table emails
2016-11-09 13:55:03...creating Relationship Meta for Email
2016-11-09 13:55:03...processing table meetings
2016-11-09 13:55:03...dropping table meetings
2016-11-09 13:55:04...creating table meetings
2016-11-09 13:55:04...creating Relationship Meta for Meeting
2016-11-09 13:55:05...processing table tasks
2016-11-09 13:55:05...dropping table tasks
2016-11-09 13:55:06...creating table tasks
2016-11-09 13:55:06...creating Relationship Meta for Task
2016-11-09 13:55:06...processing table users
2016-11-09 13:55:06...processing table users
2016-11-09 13:55:06...processing table currencies
2016-11-09 13:55:06...dropping table currencies
2016-11-09 13:55:06...creating table currencies
2016-11-09 13:55:06...creating Relationship Meta for Currency
2016-11-09 13:55:06...processing table tracker
2016-11-09 13:55:06...dropping table tracker
2016-11-09 13:55:07...creating table tracker
2016-11-09 13:55:07...creating Relationship Meta for Tracker
2016-11-09 13:55:07...processing table import_maps
2016-11-09 13:55:07...dropping table import_maps
2016-11-09 13:55:07...creating table import_maps
2016-11-09 13:55:08...creating Relationship Meta for ImportMap
2016-11-09 13:55:08...processing table users_last_import
2016-11-09 13:55:08...dropping table users_last_import
2016-11-09 13:55:08...creating table users_last_import
2016-11-09 13:55:08...creating Relationship Meta for UsersLastImport
2016-11-09 13:55:08...processing table config
2016-11-09 13:55:08...dropping table config
2016-11-09 13:55:08...creating table config
2016-11-09 13:55:08...creating Relationship Meta for Administration
2016-11-09 13:55:08...processing table upgrade_history
2016-11-09 13:55:08...dropping table upgrade_history
2016-11-09 13:55:09...creating table upgrade_history
2016-11-09 13:55:09...creating Relationship Meta for UpgradeHistory
2016-11-09 13:55:09...processing table vcals
2016-11-09 13:55:09...dropping table vcals
2016-11-09 13:55:09...creating table vcals
2016-11-09 13:55:09...creating Relationship Meta for vCal
2016-11-09 13:55:09...processing table alerts
2016-11-09 13:55:09...dropping table alerts
2016-11-09 13:55:10...creating table alerts
2016-11-09 13:55:10...creating Relationship Meta for Alert
2016-11-09 13:55:11...processing table versions
2016-11-09 13:55:11...dropping table versions
2016-11-09 13:55:11...creating table versions
2016-11-09 13:55:11...creating Relationship Meta for Version
2016-11-09 13:55:11...processing table roles
2016-11-09 13:55:11...dropping table roles
2016-11-09 13:55:11...creating table roles
2016-11-09 13:55:11...creating Relationship Meta for Role
2016-11-09 13:55:12...processing table documents
2016-11-09 13:55:12...dropping table documents
2016-11-09 13:55:13...creating table documents
2016-11-09 13:55:13...creating Relationship Meta for Document
2016-11-09 13:55:13...processing table document_revisions
2016-11-09 13:55:13...dropping table document_revisions
2016-11-09 13:55:14...creating table document_revisions
2016-11-09 13:55:14...creating Relationship Meta for DocumentRevision
2016-11-09 13:55:14...processing table fields_meta_data
2016-11-09 13:55:14...dropping table fields_meta_data
2016-11-09 13:55:14...creating table fields_meta_data
2016-11-09 13:55:14...creating Relationship Meta for FieldsMetaData
2016-11-09 13:55:15...processing table inbound_email
2016-11-09 13:55:15...dropping table inbound_email
2016-11-09 13:55:15...creating table inbound_email
2016-11-09 13:55:15...creating Relationship Meta for InboundEmail
2016-11-09 13:55:15...processing table saved_search
2016-11-09 13:55:15...dropping table saved_search
2016-11-09 13:55:16...creating table saved_search
2016-11-09 13:55:16...creating Relationship Meta for SavedSearch
2016-11-09 13:55:16...processing table user_preferences
2016-11-09 13:55:16...dropping table user_preferences
2016-11-09 13:55:16...creating table user_preferences
2016-11-09 13:55:16...creating Relationship Meta for UserPreference
2016-11-09 13:55:16...processing table 
2016-11-09 13:55:16...processing table email_addresses
2016-11-09 13:55:16...dropping table email_addresses
2016-11-09 13:55:17...creating table email_addresses
2016-11-09 13:55:17...creating Relationship Meta for EmailAddress
2016-11-09 13:55:17...processing table emails_text
2016-11-09 13:55:17...dropping table emails_text
2016-11-09 13:55:17...creating table emails_text
2016-11-09 13:55:17...creating Relationship Meta for EmailText
2016-11-09 13:55:17...processing table sugarfeed
2016-11-09 13:55:17...dropping table sugarfeed
2016-11-09 13:55:18...creating table sugarfeed
2016-11-09 13:55:18...creating Relationship Meta for SugarFeed
2016-11-09 13:55:18...processing table eapm
2016-11-09 13:55:18...dropping table eapm
2016-11-09 13:55:19...creating table eapm
2016-11-09 13:55:19...creating Relationship Meta for EAPM
2016-11-09 13:55:19...processing table oauth_consumer
2016-11-09 13:55:19...dropping table oauth_consumer
2016-11-09 13:55:20...creating table oauth_consumer
2016-11-09 13:55:20...creating Relationship Meta for OAuthKey
2016-11-09 13:55:20...processing table oauth_tokens
2016-11-09 13:55:20...dropping table oauth_tokens
2016-11-09 13:55:20...creating table oauth_tokens
2016-11-09 13:55:20...creating Relationship Meta for OAuthToken
2016-11-09 13:55:20...processing table am_projecttemplates
2016-11-09 13:55:20...dropping table am_projecttemplates
2016-11-09 13:55:22...creating table am_projecttemplates
2016-11-09 13:55:22...creating Relationship Meta for AM_ProjectTemplates
2016-11-09 13:55:22...processing table am_tasktemplates
2016-11-09 13:55:22...dropping table am_tasktemplates
2016-11-09 13:55:23...creating table am_tasktemplates
2016-11-09 13:55:23...creating Relationship Meta for AM_TaskTemplates
2016-11-09 13:55:24...processing table favorites
2016-11-09 13:55:24...dropping table favorites
2016-11-09 13:55:24...creating table favorites
2016-11-09 13:55:24...creating Relationship Meta for Favorites
2016-11-09 13:55:25...processing table aok_knowledge_base_categories
2016-11-09 13:55:25...dropping table aok_knowledge_base_categories
2016-11-09 13:55:26...creating table aok_knowledge_base_categories
2016-11-09 13:55:26...creating Relationship Meta for AOK_Knowledge_Base_Categories
2016-11-09 13:55:26...processing table aok_knowledgebase
2016-11-09 13:55:26...dropping table aok_knowledgebase
2016-11-09 13:55:28...creating table aok_knowledgebase
2016-11-09 13:55:28...creating Relationship Meta for AOK_KnowledgeBase
2016-11-09 13:55:28...processing table reminders
2016-11-09 13:55:28...dropping table reminders
2016-11-09 13:55:29...creating table reminders
2016-11-09 13:55:29...creating Relationship Meta for Reminder
2016-11-09 13:55:29...processing table reminders_invitees
2016-11-09 13:55:29...dropping table reminders_invitees
2016-11-09 13:55:30...creating table reminders_invitees
2016-11-09 13:55:30...creating Relationship Meta for Reminder_Invitee
2016-11-09 13:55:31...processing table fp_events
2016-11-09 13:55:31...dropping table fp_events
2016-11-09 13:55:32...creating table fp_events
2016-11-09 13:55:32...creating Relationship Meta for FP_events
2016-11-09 13:55:32...processing table fp_event_locations
2016-11-09 13:55:32...dropping table fp_event_locations
2016-11-09 13:55:34...creating table fp_event_locations
2016-11-09 13:55:34...creating Relationship Meta for FP_Event_Locations
2016-11-09 13:55:34...processing table aod_indexevent
2016-11-09 13:55:34...dropping table aod_indexevent
2016-11-09 13:55:36...creating table aod_indexevent
2016-11-09 13:55:36...creating Relationship Meta for AOD_IndexEvent
2016-11-09 13:55:37...processing table aod_index
2016-11-09 13:55:37...dropping table aod_index
2016-11-09 13:55:38...creating table aod_index
2016-11-09 13:55:38...creating Relationship Meta for AOD_Index
2016-11-09 13:55:38...processing table aop_case_events
2016-11-09 13:55:38...dropping table aop_case_events
2016-11-09 13:55:40...creating table aop_case_events
2016-11-09 13:55:40...creating Relationship Meta for AOP_Case_Events
2016-11-09 13:55:40...processing table aop_case_updates
2016-11-09 13:55:40...dropping table aop_case_updates
2016-11-09 13:55:42...creating table aop_case_updates
2016-11-09 13:55:42...creating Relationship Meta for AOP_Case_Updates
2016-11-09 13:55:42...processing table aor_reports
2016-11-09 13:55:42...dropping table aor_reports
2016-11-09 13:55:43...creating table aor_reports
2016-11-09 13:55:43...creating Relationship Meta for AOR_Report
2016-11-09 13:55:44...processing table aor_fields
2016-11-09 13:55:44...dropping table aor_fields
2016-11-09 13:55:44...creating table aor_fields
2016-11-09 13:55:44...creating Relationship Meta for AOR_Field
2016-11-09 13:55:44...processing table aor_charts
2016-11-09 13:55:44...dropping table aor_charts
2016-11-09 13:55:45...creating table aor_charts
2016-11-09 13:55:45...creating Relationship Meta for AOR_Chart
2016-11-09 13:55:45...processing table aor_conditions
2016-11-09 13:55:45...dropping table aor_conditions
2016-11-09 13:55:46...creating table aor_conditions
2016-11-09 13:55:46...creating Relationship Meta for AOR_Condition
2016-11-09 13:55:46...processing table aor_scheduled_reports
2016-11-09 13:55:46...dropping table aor_scheduled_reports
2016-11-09 13:55:47...creating table aor_scheduled_reports
2016-11-09 13:55:47...creating Relationship Meta for AOR_Scheduled_Reports
2016-11-09 13:55:47...processing table aos_contracts
2016-11-09 13:55:47...dropping table aos_contracts
2016-11-09 13:55:48...creating table aos_contracts
2016-11-09 13:55:49...creating Relationship Meta for AOS_Contracts
2016-11-09 13:55:49...processing table aos_invoices
2016-11-09 13:55:49...dropping table aos_invoices
2016-11-09 13:55:50...creating table aos_invoices
2016-11-09 13:55:50...creating Relationship Meta for AOS_Invoices
2016-11-09 13:55:51...processing table aos_pdf_templates
2016-11-09 13:55:51...dropping table aos_pdf_templates
2016-11-09 13:55:52...creating table aos_pdf_templates
2016-11-09 13:55:52...creating Relationship Meta for AOS_PDF_Templates
2016-11-09 13:55:53...processing table aos_product_categories
2016-11-09 13:55:53...dropping table aos_product_categories
2016-11-09 13:55:54...creating table aos_product_categories
2016-11-09 13:55:54...creating Relationship Meta for AOS_Product_Categories
2016-11-09 13:55:54...processing table aos_products
2016-11-09 13:55:54...dropping table aos_products
2016-11-09 13:55:55...creating table aos_products
2016-11-09 13:55:55...creating Relationship Meta for AOS_Products
2016-11-09 13:55:56...processing table aos_products_quotes
2016-11-09 13:55:56...dropping table aos_products_quotes
2016-11-09 13:55:56...creating table aos_products_quotes
2016-11-09 13:55:56...creating Relationship Meta for AOS_Products_Quotes
2016-11-09 13:55:57...processing table aos_line_item_groups
2016-11-09 13:55:57...dropping table aos_line_item_groups
2016-11-09 13:55:58...creating table aos_line_item_groups
2016-11-09 13:55:58...creating Relationship Meta for AOS_Line_Item_Groups
2016-11-09 13:55:58...processing table aos_quotes
2016-11-09 13:55:58...dropping table aos_quotes
2016-11-09 13:55:59...creating table aos_quotes
2016-11-09 13:55:59...creating Relationship Meta for AOS_Quotes
2016-11-09 13:55:59...processing table aow_actions
2016-11-09 13:55:59...dropping table aow_actions
2016-11-09 13:56:00...creating table aow_actions
2016-11-09 13:56:00...creating Relationship Meta for AOW_Action
2016-11-09 13:56:00...processing table aow_workflow
2016-11-09 13:56:00...dropping table aow_workflow
2016-11-09 13:56:01...creating table aow_workflow
2016-11-09 13:56:01...creating Relationship Meta for AOW_WorkFlow
2016-11-09 13:56:02...processing table aow_processed
2016-11-09 13:56:02...dropping table aow_processed
2016-11-09 13:56:03...creating table aow_processed
2016-11-09 13:56:03...creating Relationship Meta for AOW_Processed
2016-11-09 13:56:03...processing table aow_conditions
2016-11-09 13:56:03...dropping table aow_conditions
2016-11-09 13:56:03...creating table aow_conditions
2016-11-09 13:56:04...creating Relationship Meta for AOW_Condition
2016-11-09 13:56:04...processing table jjwg_maps
2016-11-09 13:56:04...dropping table jjwg_maps
2016-11-09 13:56:05...creating table jjwg_maps
2016-11-09 13:56:05...creating Relationship Meta for jjwg_Maps
2016-11-09 13:56:06...processing table jjwg_markers
2016-11-09 13:56:06...dropping table jjwg_markers
2016-11-09 13:56:07...creating table jjwg_markers
2016-11-09 13:56:07...creating Relationship Meta for jjwg_Markers
2016-11-09 13:56:07...processing table jjwg_areas
2016-11-09 13:56:08...dropping table jjwg_areas
2016-11-09 13:56:09...creating table jjwg_areas
2016-11-09 13:56:09...creating Relationship Meta for jjwg_Areas
2016-11-09 13:56:09...processing table jjwg_address_cache
2016-11-09 13:56:09...dropping table jjwg_address_cache
2016-11-09 13:56:10...creating table jjwg_address_cache
2016-11-09 13:56:10...creating Relationship Meta for jjwg_Address_Cache
2016-11-09 13:56:11...processing table calls_reschedule
2016-11-09 13:56:11...dropping table calls_reschedule
2016-11-09 13:56:12...creating table calls_reschedule
2016-11-09 13:56:12...creating Relationship Meta for Calls_Reschedule
2016-11-09 13:56:13...processing table securitygroups
2016-11-09 13:56:13...dropping table securitygroups
2016-11-09 13:56:14...creating table securitygroups
2016-11-09 13:56:14...creating Relationship Meta for SecurityGroup
2016-11-09 13:56:49...Begin creating Defaults
2016-11-09 13:56:49...insert defaults into config table
2016-11-09 13:56:50...Creating default users
2016-11-09 13:56:50...Creating default scheduler jobs
2016-11-09 13:56:51...Enable SugarFeeds
2016-11-09 13:56:53...Installation has completed *********
2016-11-09 13:57:51...populating the db with seed data
2016-11-09 13:57:51...Save configuration settings..
2016-11-09 13:57:51...save locale
2016-11-09 13:57:51...new Administration
2016-11-09 13:57:51...retrieveSettings
2016-11-09 13:57:51...AdminWizard OFF
2016-11-09 13:57:52...saveConfig
2016-11-09 13:57:52...new Configurator
2016-11-09 13:57:52...populateFromPost
2016-11-09 13:57:52...handleOverride
2016-11-09 13:57:52...saveConfig
2016-11-09 13:57:52...new Currency
2016-11-09 13:57:52...retrieve
2016-11-09 13:57:52...DBG: save currency
2016-11-09 13:57:52...Save user settings..
2016-11-09 13:57:52...DBG: SugarThemeRegistry::getDefault
2016-11-09 13:57:52...DBG: require modules/Users/Save.php